[debug] [2025-04-27T12:05:42.882Z] : 
[debug] [2025-04-27T12:05:42.883Z] : ----------------------------------------------------------------------
[debug] [2025-04-27T12:05:42.883Z] : Command:      C:\Program Files\nodejs\node.exe C:\Users\User\AppData\Roaming\npm\node_modules\zcatalyst-cli\lib\bin\catalyst.js serve
[debug] [2025-04-27T12:05:42.883Z] : CLI Version:  1.17.6
[debug] [2025-04-27T12:05:42.883Z] : Platform:     win32
[debug] [2025-04-27T12:05:42.884Z] : Node Version: v22.5.1
[debug] [2025-04-27T12:05:42.884Z] : Time:         Sun Apr 27 2025 17:35:42 GMT+0530 (India Standard Time)
[debug] [2025-04-27T12:05:42.884Z] : ----------------------------------------------------------------------
[debug] [2025-04-27T12:05:42.884Z] : 
[debug] [2025-04-27T12:05:43.645Z] : > authorizing via signed-in user option
[debug] [2025-04-27T12:05:43.645Z] : > command requires scopes: ["ZohoCatalyst.projects.ALL","ZohoCatalyst.functions.ALL","ZohoCatalyst.functions.EXECUTE","ZohoCatalyst.webapp.ALL","ZohoCatalyst.pdfshot.execute","ZohoCatalyst.authentication.CREATE"]
[debug] [2025-04-27T12:05:43.656Z] : >>>> HTTP REQUEST : GET https://api.catalyst.zoho.in/baas/v1/project/8638000000015001 

[debug] [2025-04-27T12:05:44.873Z] : <<<< HTTP RESPONSE : 200
Response Headers: {"server":"ZGS","date":"Sun, 27 Apr 2025 12:05:44 GMT","content-type":"application/vnd.catalyst.v2+json","transfer-encoding":"chunked","connection":"keep-alive","set-cookie":["zalb_3a750b85f1=411f509465b028e7e235eac6930aaab2; Path=/; Secure; HttpOnly","ZD_CSRF_TOKEN=b4698277-0450-4cf3-9f0e-e27f02b24e69;path=/;SameSite=None;Secure;priority=high","_zcsr_tmp=b4698277-0450-4cf3-9f0e-e27f02b24e69;path=/;SameSite=Strict;Secure;priority=high"],"x-content-type-options":"nosniff","cache-control":"private,no-cache,no-store,max-age=0,must-revalidate","pragma":"no-cache","expires":"Thu, 01 Jan 1970 00:00:00 GMT","x-frame-options":"DENY","strict-transport-security":"max-age=64072000; includeSubDomains; preload"}

[debug] [2025-04-27T12:05:44.876Z] : >>>> HTTP REQUEST : GET https://api.catalyst.zoho.in/baas/v1/project/8638000000015001/environment 

[debug] [2025-04-27T12:05:44.930Z] : <<<< HTTP RESPONSE : 200
Response Headers: {"server":"ZGS","date":"Sun, 27 Apr 2025 12:05:44 GMT","content-type":"application/vnd.catalyst.v2+json","transfer-encoding":"chunked","connection":"keep-alive","set-cookie":["zalb_3a750b85f1=ed010f63633be60a322039283f31a645; Path=/; Secure; HttpOnly","ZD_CSRF_TOKEN=d5ba62db-6797-4af7-8d9a-bc92b565a8e1;path=/;SameSite=None;Secure;priority=high","_zcsr_tmp=d5ba62db-6797-4af7-8d9a-bc92b565a8e1;path=/;SameSite=Strict;Secure;priority=high"],"x-content-type-options":"nosniff","cache-control":"private,no-cache,no-store,max-age=0,must-revalidate","pragma":"no-cache","expires":"Thu, 01 Jan 1970 00:00:00 GMT","x-frame-options":"DENY","strict-transport-security":"max-age=64072000; includeSubDomains; preload"}

[debug] [2025-04-27T12:05:45.120Z] : http port : '3000' is not available. Hence port '3001' will be used instead.
[debug] [2025-04-27T12:05:45.123Z] : No basic functions to add
[info] [2025-04-27T12:05:45.256Z] : 
[info] [2025-04-27T12:05:45.256Z] :  >>>>>>>>>>>>>> AppSail <<<<<<<<<<<<<< 
[info] [2025-04-27T12:05:45.256Z] : i Authspringboot: http://localhost:3001
[info] [2025-04-27T12:05:45.257Z] : 
